<?xml version="1.0" encoding="UTF-8"?>
<testsuite name="OrderTest" tests="1" skipped="0" failures="0" errors="0" timestamp="2020-11-25T12:53:24" hostname="DESKTOP-JUQ5HR2" time="48.716">
  <properties/>
  <testcase name="OrderPS4Test" classname="OrderTest" time="48.716"/>
  <system-out><![CDATA[Its Shopping Time!
Full name of the product: Sony Playstation 4 (PS4) Slim 500GB Black
Full name on 1a: Sony Playstation 4 (PS4) Slim 500GB Black
Start price: 309,00 €
Final price: 309,00 €
Well Done!
]]></system-out>
  <system-err><![CDATA[Starting ChromeDriver 86.0.4240.22 (398b0743353ff36fb1b82468f63a3a93b4e2e89e-refs/branch-heads/4240@{#378}) on port 18595
Only local connections are allowed.
Please see https://chromedriver.chromium.org/security-considerations for suggestions on keeping ChromeDriver safe.
ChromeDriver was started successfully.
[1606308806.402][WARNING]: This version of ChromeDriver has not been tested with Chrome version 87.
нояб. 25, 2020 2:53:28 PM org.openqa.selenium.remote.ProtocolHandshake createSession
INFO: Detected dialect: W3C
]]></system-err>
</testsuite>
