<?xml version="1.0" encoding="UTF-8"?>
<testsuite name="OrderTest" tests="1" skipped="0" failures="0" errors="0" timestamp="2020-11-26T12:54:39" hostname="DESKTOP-JUQ5HR2" time="52.402">
  <properties/>
  <testcase name="OrderPS4Test" classname="OrderTest" time="52.402"/>
  <system-out><![CDATA[Its Shopping Time!
YEP, its 1a.lv!  
Full name of the product: Sony Playstation 4 (PS4) Slim 500GB Black
Full name on 1a: Sony Playstation 4 (PS4) Slim 500GB Black
Start price: 305,91 €
Final price: 305,91 €
Well Done!
]]></system-out>
  <system-err><![CDATA[Starting ChromeDriver 86.0.4240.22 (398b0743353ff36fb1b82468f63a3a93b4e2e89e-refs/branch-heads/4240@{#378}) on port 1499
Only local connections are allowed.
Please see https://chromedriver.chromium.org/security-considerations for suggestions on keeping ChromeDriver safe.
ChromeDriver was started successfully.
[1606395281.788][WARNING]: This version of ChromeDriver has not been tested with Chrome version 87.
нояб. 26, 2020 2:54:43 PM org.openqa.selenium.remote.ProtocolHandshake createSession
INFO: Detected dialect: W3C
]]></system-err>
</testsuite>
